<?xml version="1.0" encoding="UTF-8"?>
<!-- Generated by org.testng.reporters.JUnitReportReporter -->
<testsuite skipped="0" hostname="abhi" name="script.ValidLogin" tests="1" failures="0" timestamp="21 Jan 2018 11:36:47 GMT" time="18.703" errors="0">
  <testcase name="testValidLogin" time="18.703" classname="script.ValidLogin"/>
</testsuite> <!-- script.ValidLogin -->
