<?xml version="1.0" encoding="UTF-8"?>
<!-- Generated by org.testng.reporters.JUnitReportReporter -->
<testsuite skipped="1" hostname="abhi" name="script.CheckProductVersion" tests="1" failures="0" timestamp="21 Jan 2018 11:34:12 GMT" time="11.804" errors="0">
  <testcase name="testProductVersion" time="11.804" classname="script.CheckProductVersion">
    <skipped/>
  </testcase> <!-- testProductVersion -->
</testsuite> <!-- script.CheckProductVersion -->
