<?xml version="1.0" encoding="UTF-8"?>
<!-- Generated by org.testng.reporters.JUnitReportReporter -->
<testsuite skipped="0" hostname="abhi" name="pack1.Demo" tests="2" failures="0" timestamp="05 Jan 2018 18:47:59 GMT" time="0.024" errors="0">
  <testcase name="testB" time="0.005" classname="pack1.Demo"/>
  <testcase name="testA" time="0.019" classname="pack1.Demo"/>
</testsuite> <!-- pack1.Demo -->
